mode: set
D:\Projects\simple-admin-core\tools\protoc-gen-go-zero-api\generator\options_parser.go:17.40,19.2 1 1
D:\Projects\simple-admin-core\tools\protoc-gen-go-zero-api\generator\options_parser.go:22.93,24.17 2 0
D:\Projects\simple-admin-core\tools\protoc-gen-go-zero-api\generator\options_parser.go:24.17,26.3 1 0
D:\Projects\simple-admin-core\tools\protoc-gen-go-zero-api\generator\options_parser.go:28.2,31.64 2 0
D:\Projects\simple-admin-core\tools\protoc-gen-go-zero-api\generator\options_parser.go:31.64,32.34 1 0
D:\Projects\simple-admin-core\tools\protoc-gen-go-zero-api\generator\options_parser.go:32.34,34.4 1 0
D:\Projects\simple-admin-core\tools\protoc-gen-go-zero-api\generator\options_parser.go:38.2,38.71 1 0
D:\Projects\simple-admin-core\tools\protoc-gen-go-zero-api\generator\options_parser.go:38.71,39.61 1 0
D:\Projects\simple-admin-core\tools\protoc-gen-go-zero-api\generator\options_parser.go:39.61,41.4 1 0
D:\Projects\simple-admin-core\tools\protoc-gen-go-zero-api\generator\options_parser.go:45.2,45.66 1 0
D:\Projects\simple-admin-core\tools\protoc-gen-go-zero-api\generator\options_parser.go:45.66,46.36 1 0
D:\Projects\simple-admin-core\tools\protoc-gen-go-zero-api\generator\options_parser.go:46.36,48.4 1 0
D:\Projects\simple-admin-core\tools\protoc-gen-go-zero-api\generator\options_parser.go:52.2,52.67 1 0
D:\Projects\simple-admin-core\tools\protoc-gen-go-zero-api\generator\options_parser.go:52.67,53.37 1 0
D:\Projects\simple-admin-core\tools\protoc-gen-go-zero-api\generator\options_parser.go:53.37,55.4 1 0
D:\Projects\simple-admin-core\tools\protoc-gen-go-zero-api\generator\options_parser.go:59.2,59.28 1 0
D:\Projects\simple-admin-core\tools\protoc-gen-go-zero-api\generator\options_parser.go:59.28,61.3 1 0
D:\Projects\simple-admin-core\tools\protoc-gen-go-zero-api\generator\options_parser.go:63.2,63.19 1 0
D:\Projects\simple-admin-core\tools\protoc-gen-go-zero-api\generator\options_parser.go:67.90,69.17 2 0
D:\Projects\simple-admin-core\tools\protoc-gen-go-zero-api\generator\options_parser.go:69.17,71.3 1 0
D:\Projects\simple-admin-core\tools\protoc-gen-go-zero-api\generator\options_parser.go:73.2,76.67 2 0
D:\Projects\simple-admin-core\tools\protoc-gen-go-zero-api\generator\options_parser.go:76.67,77.35 1 0
D:\Projects\simple-admin-core\tools\protoc-gen-go-zero-api\generator\options_parser.go:77.35,79.4 1 0
D:\Projects\simple-admin-core\tools\protoc-gen-go-zero-api\generator\options_parser.go:83.2,83.77 1 0
D:\Projects\simple-admin-core\tools\protoc-gen-go-zero-api\generator\options_parser.go:83.77,84.61 1 0
D:\Projects\simple-admin-core\tools\protoc-gen-go-zero-api\generator\options_parser.go:84.61,86.4 1 0
D:\Projects\simple-admin-core\tools\protoc-gen-go-zero-api\generator\options_parser.go:89.2,89.19 1 0
D:\Projects\simple-admin-core\tools\protoc-gen-go-zero-api\generator\options_parser.go:93.76,95.17 2 0
D:\Projects\simple-admin-core\tools\protoc-gen-go-zero-api\generator\options_parser.go:95.17,97.3 1 0
D:\Projects\simple-admin-core\tools\protoc-gen-go-zero-api\generator\options_parser.go:99.2,99.68 1 0
D:\Projects\simple-admin-core\tools\protoc-gen-go-zero-api\generator\options_parser.go:99.68,100.48 1 0
D:\Projects\simple-admin-core\tools\protoc-gen-go-zero-api\generator\options_parser.go:100.48,102.4 1 0
D:\Projects\simple-admin-core\tools\protoc-gen-go-zero-api\generator\options_parser.go:105.2,105.12 1 0
D:\Projects\simple-admin-core\tools\protoc-gen-go-zero-api\generator\options_parser.go:110.126,111.24 1 1
D:\Projects\simple-admin-core\tools\protoc-gen-go-zero-api\generator\options_parser.go:111.24,113.3 1 1
D:\Projects\simple-admin-core\tools\protoc-gen-go-zero-api\generator\options_parser.go:114.2,114.23 1 1
D:\Projects\simple-admin-core\tools\protoc-gen-go-zero-api\generator\options_parser.go:114.23,116.3 1 1
D:\Projects\simple-admin-core\tools\protoc-gen-go-zero-api\generator\options_parser.go:119.2,130.23 3 1
D:\Projects\simple-admin-core\tools\protoc-gen-go-zero-api\generator\options_parser.go:130.23,132.3 1 1
D:\Projects\simple-admin-core\tools\protoc-gen-go-zero-api\generator\options_parser.go:135.2,135.36 1 1
D:\Projects\simple-admin-core\tools\protoc-gen-go-zero-api\generator\options_parser.go:135.36,138.3 2 1
D:\Projects\simple-admin-core\tools\protoc-gen-go-zero-api\generator\options_parser.go:140.2,140.15 1 1
D:\Projects\simple-admin-core\tools\protoc-gen-go-zero-api\generator\options_parser.go:145.73,146.22 1 1
D:\Projects\simple-admin-core\tools\protoc-gen-go-zero-api\generator\options_parser.go:146.22,148.3 1 1
D:\Projects\simple-admin-core\tools\protoc-gen-go-zero-api\generator\options_parser.go:150.2,153.29 3 1
D:\Projects\simple-admin-core\tools\protoc-gen-go-zero-api\generator\options_parser.go:153.29,155.20 2 1
D:\Projects\simple-admin-core\tools\protoc-gen-go-zero-api\generator\options_parser.go:155.20,157.4 1 1
D:\Projects\simple-admin-core\tools\protoc-gen-go-zero-api\generator\options_parser.go:160.2,160.15 1 1
D:\Projects\simple-admin-core\tools\protoc-gen-go-zero-api\generator\options_parser.go:164.97,168.2 1 0
D:\Projects\simple-admin-core\tools\protoc-gen-go-zero-api\generator\options_parser.go:172.118,176.2 3 0
D:\Projects\simple-admin-core\tools\protoc-gen-go-zero-api\generator\options_parser.go:179.104,181.44 1 1
D:\Projects\simple-admin-core\tools\protoc-gen-go-zero-api\generator\options_parser.go:181.44,183.3 1 1
D:\Projects\simple-admin-core\tools\protoc-gen-go-zero-api\generator\options_parser.go:186.2,186.52 1 1
D:\Projects\simple-admin-core\tools\protoc-gen-go-zero-api\generator\options_parser.go:190.115,192.57 1 1
D:\Projects\simple-admin-core\tools\protoc-gen-go-zero-api\generator\options_parser.go:192.57,194.3 1 1
D:\Projects\simple-admin-core\tools\protoc-gen-go-zero-api\generator\options_parser.go:197.2,197.24 1 1
D:\Projects\simple-admin-core\tools\protoc-gen-go-zero-api\generator\options_parser.go:197.24,199.3 1 1
D:\Projects\simple-admin-core\tools\protoc-gen-go-zero-api\generator\options_parser.go:201.2,201.12 1 1
