mode: set
D:\Projects\simple-admin-core\tools\protoc-gen-go-zero-api\generator\grouper.go:14.42,16.2 1 1
D:\Projects\simple-admin-core\tools\protoc-gen-go-zero-api\generator\grouper.go:26.80,27.23 1 1
D:\Projects\simple-admin-core\tools\protoc-gen-go-zero-api\generator\grouper.go:27.23,29.3 1 1
D:\Projects\simple-admin-core\tools\protoc-gen-go-zero-api\generator\grouper.go:32.2,34.33 2 1
D:\Projects\simple-admin-core\tools\protoc-gen-go-zero-api\generator\grouper.go:34.33,35.28 1 1
D:\Projects\simple-admin-core\tools\protoc-gen-go-zero-api\generator\grouper.go:35.28,36.12 1 1
D:\Projects\simple-admin-core\tools\protoc-gen-go-zero-api\generator\grouper.go:39.3,41.51 2 1
D:\Projects\simple-admin-core\tools\protoc-gen-go-zero-api\generator\grouper.go:41.51,43.4 1 1
D:\Projects\simple-admin-core\tools\protoc-gen-go-zero-api\generator\grouper.go:43.9,48.4 1 1
D:\Projects\simple-admin-core\tools\protoc-gen-go-zero-api\generator\grouper.go:52.2,53.33 2 1
D:\Projects\simple-admin-core\tools\protoc-gen-go-zero-api\generator\grouper.go:53.33,55.3 1 1
D:\Projects\simple-admin-core\tools\protoc-gen-go-zero-api\generator\grouper.go:58.2,60.15 2 1
D:\Projects\simple-admin-core\tools\protoc-gen-go-zero-api\generator\grouper.go:68.61,69.41 1 1
D:\Projects\simple-admin-core\tools\protoc-gen-go-zero-api\generator\grouper.go:69.41,75.25 4 1
D:\Projects\simple-admin-core\tools\protoc-gen-go-zero-api\generator\grouper.go:75.25,77.4 1 1
D:\Projects\simple-admin-core\tools\protoc-gen-go-zero-api\generator\grouper.go:80.3,80.45 1 1
D:\Projects\simple-admin-core\tools\protoc-gen-go-zero-api\generator\grouper.go:80.45,82.4 1 1
D:\Projects\simple-admin-core\tools\protoc-gen-go-zero-api\generator\grouper.go:85.3,85.27 1 1
D:\Projects\simple-admin-core\tools\protoc-gen-go-zero-api\generator\grouper.go:91.86,93.2 1 1
D:\Projects\simple-admin-core\tools\protoc-gen-go-zero-api\generator\grouper.go:97.78,98.22 1 1
D:\Projects\simple-admin-core\tools\protoc-gen-go-zero-api\generator\grouper.go:98.22,100.3 1 1
D:\Projects\simple-admin-core\tools\protoc-gen-go-zero-api\generator\grouper.go:102.2,104.31 2 1
D:\Projects\simple-admin-core\tools\protoc-gen-go-zero-api\generator\grouper.go:104.31,107.54 2 1
D:\Projects\simple-admin-core\tools\protoc-gen-go-zero-api\generator\grouper.go:107.54,109.4 1 1
D:\Projects\simple-admin-core\tools\protoc-gen-go-zero-api\generator\grouper.go:109.9,117.4 3 1
D:\Projects\simple-admin-core\tools\protoc-gen-go-zero-api\generator\grouper.go:121.2,122.33 2 1
D:\Projects\simple-admin-core\tools\protoc-gen-go-zero-api\generator\grouper.go:122.33,124.3 1 1
D:\Projects\simple-admin-core\tools\protoc-gen-go-zero-api\generator\grouper.go:127.2,129.15 2 1
D:\Projects\simple-admin-core\tools\protoc-gen-go-zero-api\generator\grouper.go:133.82,136.31 2 1
D:\Projects\simple-admin-core\tools\protoc-gen-go-zero-api\generator\grouper.go:136.31,137.36 1 1
D:\Projects\simple-admin-core\tools\protoc-gen-go-zero-api\generator\grouper.go:137.36,139.4 1 1
D:\Projects\simple-admin-core\tools\protoc-gen-go-zero-api\generator\grouper.go:142.2,142.15 1 1
D:\Projects\simple-admin-core\tools\protoc-gen-go-zero-api\generator\grouper.go:146.85,149.31 2 1
D:\Projects\simple-admin-core\tools\protoc-gen-go-zero-api\generator\grouper.go:149.31,150.35 1 1
D:\Projects\simple-admin-core\tools\protoc-gen-go-zero-api\generator\grouper.go:150.35,152.4 1 1
D:\Projects\simple-admin-core\tools\protoc-gen-go-zero-api\generator\grouper.go:155.2,155.18 1 1
D:\Projects\simple-admin-core\tools\protoc-gen-go-zero-api\generator\grouper.go:159.74,162.2 2 1
D:\Projects\simple-admin-core\tools\protoc-gen-go-zero-api\generator\grouper.go:165.69,168.2 2 1
