mode: set
github.com/chimerakang/simple-admin-core/tools/protoc-gen-go-zero-api/generator/generator.go:22.51,31.2 1 0
github.com/chimerakang/simple-admin-core/tools/protoc-gen-go-zero-api/generator/generator.go:34.48,40.38 3 0
github.com/chimerakang/simple-admin-core/tools/protoc-gen-go-zero-api/generator/generator.go:40.38,42.23 2 0
github.com/chimerakang/simple-admin-core/tools/protoc-gen-go-zero-api/generator/generator.go:42.23,48.4 2 0
github.com/chimerakang/simple-admin-core/tools/protoc-gen-go-zero-api/generator/generator.go:52.2,53.42 2 0
github.com/chimerakang/simple-admin-core/tools/protoc-gen-go-zero-api/generator/generator.go:53.42,55.17 2 0
github.com/chimerakang/simple-admin-core/tools/protoc-gen-go-zero-api/generator/generator.go:55.17,57.4 1 0
github.com/chimerakang/simple-admin-core/tools/protoc-gen-go-zero-api/generator/generator.go:58.3,58.46 1 0
github.com/chimerakang/simple-admin-core/tools/protoc-gen-go-zero-api/generator/generator.go:62.2,72.57 3 0
github.com/chimerakang/simple-admin-core/tools/protoc-gen-go-zero-api/generator/generator.go:72.57,74.3 1 0
github.com/chimerakang/simple-admin-core/tools/protoc-gen-go-zero-api/generator/generator.go:77.2,78.16 2 0
github.com/chimerakang/simple-admin-core/tools/protoc-gen-go-zero-api/generator/generator.go:78.16,80.3 1 0
github.com/chimerakang/simple-admin-core/tools/protoc-gen-go-zero-api/generator/generator.go:82.2,82.21 1 0
github.com/chimerakang/simple-admin-core/tools/protoc-gen-go-zero-api/generator/generator.go:87.86,94.41 3 0
github.com/chimerakang/simple-admin-core/tools/protoc-gen-go-zero-api/generator/generator.go:94.41,96.17 2 0
github.com/chimerakang/simple-admin-core/tools/protoc-gen-go-zero-api/generator/generator.go:96.17,98.4 1 0
github.com/chimerakang/simple-admin-core/tools/protoc-gen-go-zero-api/generator/generator.go:99.3,99.42 1 0
github.com/chimerakang/simple-admin-core/tools/protoc-gen-go-zero-api/generator/generator.go:102.2,102.21 1 0
github.com/chimerakang/simple-admin-core/tools/protoc-gen-go-zero-api/generator/generator.go:106.115,109.16 2 0
github.com/chimerakang/simple-admin-core/tools/protoc-gen-go-zero-api/generator/generator.go:109.16,111.3 1 0
github.com/chimerakang/simple-admin-core/tools/protoc-gen-go-zero-api/generator/generator.go:114.2,114.21 1 0
github.com/chimerakang/simple-admin-core/tools/protoc-gen-go-zero-api/generator/generator.go:114.21,116.3 1 0
github.com/chimerakang/simple-admin-core/tools/protoc-gen-go-zero-api/generator/generator.go:119.2,119.80 1 0
github.com/chimerakang/simple-admin-core/tools/protoc-gen-go-zero-api/generator/generator.go:119.80,121.3 1 0
github.com/chimerakang/simple-admin-core/tools/protoc-gen-go-zero-api/generator/generator.go:124.2,136.8 3 0
github.com/chimerakang/simple-admin-core/tools/protoc-gen-go-zero-api/generator/grouper.go:14.42,16.2 1 1
github.com/chimerakang/simple-admin-core/tools/protoc-gen-go-zero-api/generator/grouper.go:26.80,27.23 1 1
github.com/chimerakang/simple-admin-core/tools/protoc-gen-go-zero-api/generator/grouper.go:27.23,29.3 1 1
github.com/chimerakang/simple-admin-core/tools/protoc-gen-go-zero-api/generator/grouper.go:32.2,34.33 2 1
github.com/chimerakang/simple-admin-core/tools/protoc-gen-go-zero-api/generator/grouper.go:34.33,35.28 1 1
github.com/chimerakang/simple-admin-core/tools/protoc-gen-go-zero-api/generator/grouper.go:35.28,36.12 1 1
github.com/chimerakang/simple-admin-core/tools/protoc-gen-go-zero-api/generator/grouper.go:39.3,41.51 2 1
github.com/chimerakang/simple-admin-core/tools/protoc-gen-go-zero-api/generator/grouper.go:41.51,43.4 1 1
github.com/chimerakang/simple-admin-core/tools/protoc-gen-go-zero-api/generator/grouper.go:43.9,48.4 1 1
github.com/chimerakang/simple-admin-core/tools/protoc-gen-go-zero-api/generator/grouper.go:52.2,53.33 2 1
github.com/chimerakang/simple-admin-core/tools/protoc-gen-go-zero-api/generator/grouper.go:53.33,55.3 1 1
github.com/chimerakang/simple-admin-core/tools/protoc-gen-go-zero-api/generator/grouper.go:58.2,60.15 2 1
github.com/chimerakang/simple-admin-core/tools/protoc-gen-go-zero-api/generator/grouper.go:68.61,69.41 1 1
github.com/chimerakang/simple-admin-core/tools/protoc-gen-go-zero-api/generator/grouper.go:69.41,75.25 4 1
github.com/chimerakang/simple-admin-core/tools/protoc-gen-go-zero-api/generator/grouper.go:75.25,77.4 1 1
github.com/chimerakang/simple-admin-core/tools/protoc-gen-go-zero-api/generator/grouper.go:80.3,80.45 1 1
github.com/chimerakang/simple-admin-core/tools/protoc-gen-go-zero-api/generator/grouper.go:80.45,82.4 1 1
github.com/chimerakang/simple-admin-core/tools/protoc-gen-go-zero-api/generator/grouper.go:85.3,85.27 1 1
github.com/chimerakang/simple-admin-core/tools/protoc-gen-go-zero-api/generator/grouper.go:91.86,93.2 1 1
github.com/chimerakang/simple-admin-core/tools/protoc-gen-go-zero-api/generator/grouper.go:97.78,98.22 1 1
github.com/chimerakang/simple-admin-core/tools/protoc-gen-go-zero-api/generator/grouper.go:98.22,100.3 1 1
github.com/chimerakang/simple-admin-core/tools/protoc-gen-go-zero-api/generator/grouper.go:102.2,104.31 2 1
github.com/chimerakang/simple-admin-core/tools/protoc-gen-go-zero-api/generator/grouper.go:104.31,107.54 2 1
github.com/chimerakang/simple-admin-core/tools/protoc-gen-go-zero-api/generator/grouper.go:107.54,109.4 1 1
github.com/chimerakang/simple-admin-core/tools/protoc-gen-go-zero-api/generator/grouper.go:109.9,117.4 3 1
github.com/chimerakang/simple-admin-core/tools/protoc-gen-go-zero-api/generator/grouper.go:121.2,122.33 2 1
github.com/chimerakang/simple-admin-core/tools/protoc-gen-go-zero-api/generator/grouper.go:122.33,124.3 1 1
github.com/chimerakang/simple-admin-core/tools/protoc-gen-go-zero-api/generator/grouper.go:127.2,129.15 2 1
github.com/chimerakang/simple-admin-core/tools/protoc-gen-go-zero-api/generator/grouper.go:133.82,136.31 2 1
github.com/chimerakang/simple-admin-core/tools/protoc-gen-go-zero-api/generator/grouper.go:136.31,137.36 1 1
github.com/chimerakang/simple-admin-core/tools/protoc-gen-go-zero-api/generator/grouper.go:137.36,139.4 1 1
github.com/chimerakang/simple-admin-core/tools/protoc-gen-go-zero-api/generator/grouper.go:142.2,142.15 1 1
github.com/chimerakang/simple-admin-core/tools/protoc-gen-go-zero-api/generator/grouper.go:146.85,149.31 2 1
github.com/chimerakang/simple-admin-core/tools/protoc-gen-go-zero-api/generator/grouper.go:149.31,150.35 1 1
github.com/chimerakang/simple-admin-core/tools/protoc-gen-go-zero-api/generator/grouper.go:150.35,152.4 1 1
github.com/chimerakang/simple-admin-core/tools/protoc-gen-go-zero-api/generator/grouper.go:155.2,155.18 1 1
github.com/chimerakang/simple-admin-core/tools/protoc-gen-go-zero-api/generator/grouper.go:159.74,162.2 2 1
github.com/chimerakang/simple-admin-core/tools/protoc-gen-go-zero-api/generator/grouper.go:165.69,168.2 2 1
github.com/chimerakang/simple-admin-core/tools/protoc-gen-go-zero-api/generator/http_parser.go:18.34,20.2 1 0
github.com/chimerakang/simple-admin-core/tools/protoc-gen-go-zero-api/generator/http_parser.go:24.78,27.17 2 0
github.com/chimerakang/simple-admin-core/tools/protoc-gen-go-zero-api/generator/http_parser.go:27.17,29.3 1 0
github.com/chimerakang/simple-admin-core/tools/protoc-gen-go-zero-api/generator/http_parser.go:32.2,33.21 2 0
github.com/chimerakang/simple-admin-core/tools/protoc-gen-go-zero-api/generator/http_parser.go:33.21,35.3 1 0
github.com/chimerakang/simple-admin-core/tools/protoc-gen-go-zero-api/generator/http_parser.go:37.2,41.16 3 0
github.com/chimerakang/simple-admin-core/tools/protoc-gen-go-zero-api/generator/http_parser.go:41.16,43.3 1 0
github.com/chimerakang/simple-admin-core/tools/protoc-gen-go-zero-api/generator/http_parser.go:47.2,53.8 2 0
github.com/chimerakang/simple-admin-core/tools/protoc-gen-go-zero-api/generator/http_parser.go:57.106,60.16 2 0
github.com/chimerakang/simple-admin-core/tools/protoc-gen-go-zero-api/generator/http_parser.go:60.16,62.3 1 0
github.com/chimerakang/simple-admin-core/tools/protoc-gen-go-zero-api/generator/http_parser.go:65.2,65.40 1 0
github.com/chimerakang/simple-admin-core/tools/protoc-gen-go-zero-api/generator/http_parser.go:66.33,67.39 1 0
github.com/chimerakang/simple-admin-core/tools/protoc-gen-go-zero-api/generator/http_parser.go:68.34,69.41 1 0
github.com/chimerakang/simple-admin-core/tools/protoc-gen-go-zero-api/generator/http_parser.go:70.33,71.39 1 0
github.com/chimerakang/simple-admin-core/tools/protoc-gen-go-zero-api/generator/http_parser.go:72.36,73.45 1 0
github.com/chimerakang/simple-admin-core/tools/protoc-gen-go-zero-api/generator/http_parser.go:74.35,75.43 1 0
github.com/chimerakang/simple-admin-core/tools/protoc-gen-go-zero-api/generator/http_parser.go:76.36,78.93 1 0
github.com/chimerakang/simple-admin-core/tools/protoc-gen-go-zero-api/generator/http_parser.go:79.10,80.61 1 0
github.com/chimerakang/simple-admin-core/tools/protoc-gen-go-zero-api/generator/http_parser.go:86.56,90.6 2 0
github.com/chimerakang/simple-admin-core/tools/protoc-gen-go-zero-api/generator/http_parser.go:90.6,92.18 2 0
github.com/chimerakang/simple-admin-core/tools/protoc-gen-go-zero-api/generator/http_parser.go:92.18,93.9 1 0
github.com/chimerakang/simple-admin-core/tools/protoc-gen-go-zero-api/generator/http_parser.go:96.3,97.16 2 0
github.com/chimerakang/simple-admin-core/tools/protoc-gen-go-zero-api/generator/http_parser.go:97.16,99.9 1 0
github.com/chimerakang/simple-admin-core/tools/protoc-gen-go-zero-api/generator/http_parser.go:101.3,111.61 4 0
github.com/chimerakang/simple-admin-core/tools/protoc-gen-go-zero-api/generator/http_parser.go:114.2,114.15 1 0
github.com/chimerakang/simple-admin-core/tools/protoc-gen-go-zero-api/generator/http_parser.go:119.98,121.17 2 0
github.com/chimerakang/simple-admin-core/tools/protoc-gen-go-zero-api/generator/http_parser.go:121.17,123.3 1 0
github.com/chimerakang/simple-admin-core/tools/protoc-gen-go-zero-api/generator/http_parser.go:125.2,126.21 2 0
github.com/chimerakang/simple-admin-core/tools/protoc-gen-go-zero-api/generator/http_parser.go:126.21,128.3 1 0
github.com/chimerakang/simple-admin-core/tools/protoc-gen-go-zero-api/generator/http_parser.go:130.2,131.39 2 0
github.com/chimerakang/simple-admin-core/tools/protoc-gen-go-zero-api/generator/http_parser.go:131.39,133.3 1 0
github.com/chimerakang/simple-admin-core/tools/protoc-gen-go-zero-api/generator/http_parser.go:135.2,138.50 2 0
github.com/chimerakang/simple-admin-core/tools/protoc-gen-go-zero-api/generator/http_parser.go:138.50,140.17 2 0
github.com/chimerakang/simple-admin-core/tools/protoc-gen-go-zero-api/generator/http_parser.go:140.17,142.4 1 0
github.com/chimerakang/simple-admin-core/tools/protoc-gen-go-zero-api/generator/http_parser.go:144.3,150.5 2 0
github.com/chimerakang/simple-admin-core/tools/protoc-gen-go-zero-api/generator/http_parser.go:153.2,153.19 1 0
github.com/chimerakang/simple-admin-core/tools/protoc-gen-go-zero-api/generator/http_parser.go:158.103,159.42 1 0
github.com/chimerakang/simple-admin-core/tools/protoc-gen-go-zero-api/generator/http_parser.go:159.42,161.3 1 0
github.com/chimerakang/simple-admin-core/tools/protoc-gen-go-zero-api/generator/http_parser.go:164.2,165.26 2 0
github.com/chimerakang/simple-admin-core/tools/protoc-gen-go-zero-api/generator/http_parser.go:165.26,167.3 1 0
github.com/chimerakang/simple-admin-core/tools/protoc-gen-go-zero-api/generator/http_parser.go:170.2,171.42 2 0
github.com/chimerakang/simple-admin-core/tools/protoc-gen-go-zero-api/generator/http_parser.go:171.42,178.29 4 0
github.com/chimerakang/simple-admin-core/tools/protoc-gen-go-zero-api/generator/http_parser.go:178.29,180.4 1 0
github.com/chimerakang/simple-admin-core/tools/protoc-gen-go-zero-api/generator/http_parser.go:184.2,184.35 1 0
github.com/chimerakang/simple-admin-core/tools/protoc-gen-go-zero-api/generator/http_parser.go:184.35,188.61 2 0
github.com/chimerakang/simple-admin-core/tools/protoc-gen-go-zero-api/generator/http_parser.go:188.61,190.4 1 0
github.com/chimerakang/simple-admin-core/tools/protoc-gen-go-zero-api/generator/http_parser.go:193.2,193.12 1 0
github.com/chimerakang/simple-admin-core/tools/protoc-gen-go-zero-api/generator/http_parser.go:198.62,202.29 3 0
github.com/chimerakang/simple-admin-core/tools/protoc-gen-go-zero-api/generator/http_parser.go:202.29,203.35 1 0
github.com/chimerakang/simple-admin-core/tools/protoc-gen-go-zero-api/generator/http_parser.go:203.35,205.4 1 0
github.com/chimerakang/simple-admin-core/tools/protoc-gen-go-zero-api/generator/http_parser.go:208.2,208.15 1 0
github.com/chimerakang/simple-admin-core/tools/protoc-gen-go-zero-api/generator/http_parser.go:212.52,214.21 2 0
github.com/chimerakang/simple-admin-core/tools/protoc-gen-go-zero-api/generator/http_parser.go:214.21,216.3 1 0
github.com/chimerakang/simple-admin-core/tools/protoc-gen-go-zero-api/generator/http_parser.go:218.2,219.34 2 0
github.com/chimerakang/simple-admin-core/tools/protoc-gen-go-zero-api/generator/http_parser.go:219.34,220.24 1 0
github.com/chimerakang/simple-admin-core/tools/protoc-gen-go-zero-api/generator/http_parser.go:220.24,222.4 1 0
github.com/chimerakang/simple-admin-core/tools/protoc-gen-go-zero-api/generator/http_parser.go:225.2,225.15 1 0
github.com/chimerakang/simple-admin-core/tools/protoc-gen-go-zero-api/generator/options_parser.go:17.40,19.2 1 0
github.com/chimerakang/simple-admin-core/tools/protoc-gen-go-zero-api/generator/options_parser.go:22.93,24.17 2 0
github.com/chimerakang/simple-admin-core/tools/protoc-gen-go-zero-api/generator/options_parser.go:24.17,26.3 1 0
github.com/chimerakang/simple-admin-core/tools/protoc-gen-go-zero-api/generator/options_parser.go:28.2,31.64 2 0
github.com/chimerakang/simple-admin-core/tools/protoc-gen-go-zero-api/generator/options_parser.go:31.64,32.34 1 0
github.com/chimerakang/simple-admin-core/tools/protoc-gen-go-zero-api/generator/options_parser.go:32.34,34.4 1 0
github.com/chimerakang/simple-admin-core/tools/protoc-gen-go-zero-api/generator/options_parser.go:38.2,38.71 1 0
github.com/chimerakang/simple-admin-core/tools/protoc-gen-go-zero-api/generator/options_parser.go:38.71,39.61 1 0
github.com/chimerakang/simple-admin-core/tools/protoc-gen-go-zero-api/generator/options_parser.go:39.61,41.4 1 0
github.com/chimerakang/simple-admin-core/tools/protoc-gen-go-zero-api/generator/options_parser.go:45.2,45.66 1 0
github.com/chimerakang/simple-admin-core/tools/protoc-gen-go-zero-api/generator/options_parser.go:45.66,46.36 1 0
github.com/chimerakang/simple-admin-core/tools/protoc-gen-go-zero-api/generator/options_parser.go:46.36,48.4 1 0
github.com/chimerakang/simple-admin-core/tools/protoc-gen-go-zero-api/generator/options_parser.go:52.2,52.67 1 0
github.com/chimerakang/simple-admin-core/tools/protoc-gen-go-zero-api/generator/options_parser.go:52.67,53.37 1 0
github.com/chimerakang/simple-admin-core/tools/protoc-gen-go-zero-api/generator/options_parser.go:53.37,55.4 1 0
github.com/chimerakang/simple-admin-core/tools/protoc-gen-go-zero-api/generator/options_parser.go:59.2,59.28 1 0
github.com/chimerakang/simple-admin-core/tools/protoc-gen-go-zero-api/generator/options_parser.go:59.28,61.3 1 0
github.com/chimerakang/simple-admin-core/tools/protoc-gen-go-zero-api/generator/options_parser.go:63.2,63.19 1 0
github.com/chimerakang/simple-admin-core/tools/protoc-gen-go-zero-api/generator/options_parser.go:67.90,69.17 2 0
github.com/chimerakang/simple-admin-core/tools/protoc-gen-go-zero-api/generator/options_parser.go:69.17,71.3 1 0
github.com/chimerakang/simple-admin-core/tools/protoc-gen-go-zero-api/generator/options_parser.go:73.2,76.67 2 0
github.com/chimerakang/simple-admin-core/tools/protoc-gen-go-zero-api/generator/options_parser.go:76.67,77.35 1 0
github.com/chimerakang/simple-admin-core/tools/protoc-gen-go-zero-api/generator/options_parser.go:77.35,79.4 1 0
github.com/chimerakang/simple-admin-core/tools/protoc-gen-go-zero-api/generator/options_parser.go:83.2,83.77 1 0
github.com/chimerakang/simple-admin-core/tools/protoc-gen-go-zero-api/generator/options_parser.go:83.77,84.61 1 0
github.com/chimerakang/simple-admin-core/tools/protoc-gen-go-zero-api/generator/options_parser.go:84.61,86.4 1 0
github.com/chimerakang/simple-admin-core/tools/protoc-gen-go-zero-api/generator/options_parser.go:89.2,89.19 1 0
github.com/chimerakang/simple-admin-core/tools/protoc-gen-go-zero-api/generator/options_parser.go:93.76,95.17 2 0
github.com/chimerakang/simple-admin-core/tools/protoc-gen-go-zero-api/generator/options_parser.go:95.17,97.3 1 0
github.com/chimerakang/simple-admin-core/tools/protoc-gen-go-zero-api/generator/options_parser.go:99.2,99.68 1 0
github.com/chimerakang/simple-admin-core/tools/protoc-gen-go-zero-api/generator/options_parser.go:99.68,100.48 1 0
github.com/chimerakang/simple-admin-core/tools/protoc-gen-go-zero-api/generator/options_parser.go:100.48,102.4 1 0
github.com/chimerakang/simple-admin-core/tools/protoc-gen-go-zero-api/generator/options_parser.go:105.2,105.12 1 0
github.com/chimerakang/simple-admin-core/tools/protoc-gen-go-zero-api/generator/options_parser.go:110.126,111.24 1 0
github.com/chimerakang/simple-admin-core/tools/protoc-gen-go-zero-api/generator/options_parser.go:111.24,113.3 1 0
github.com/chimerakang/simple-admin-core/tools/protoc-gen-go-zero-api/generator/options_parser.go:114.2,114.23 1 0
github.com/chimerakang/simple-admin-core/tools/protoc-gen-go-zero-api/generator/options_parser.go:114.23,116.3 1 0
github.com/chimerakang/simple-admin-core/tools/protoc-gen-go-zero-api/generator/options_parser.go:119.2,130.23 3 0
github.com/chimerakang/simple-admin-core/tools/protoc-gen-go-zero-api/generator/options_parser.go:130.23,132.3 1 0
github.com/chimerakang/simple-admin-core/tools/protoc-gen-go-zero-api/generator/options_parser.go:135.2,135.36 1 0
github.com/chimerakang/simple-admin-core/tools/protoc-gen-go-zero-api/generator/options_parser.go:135.36,138.3 2 0
github.com/chimerakang/simple-admin-core/tools/protoc-gen-go-zero-api/generator/options_parser.go:140.2,140.15 1 0
github.com/chimerakang/simple-admin-core/tools/protoc-gen-go-zero-api/generator/options_parser.go:145.73,146.22 1 0
github.com/chimerakang/simple-admin-core/tools/protoc-gen-go-zero-api/generator/options_parser.go:146.22,148.3 1 0
github.com/chimerakang/simple-admin-core/tools/protoc-gen-go-zero-api/generator/options_parser.go:150.2,153.29 3 0
github.com/chimerakang/simple-admin-core/tools/protoc-gen-go-zero-api/generator/options_parser.go:153.29,155.20 2 0
github.com/chimerakang/simple-admin-core/tools/protoc-gen-go-zero-api/generator/options_parser.go:155.20,157.4 1 0
github.com/chimerakang/simple-admin-core/tools/protoc-gen-go-zero-api/generator/options_parser.go:160.2,160.15 1 0
github.com/chimerakang/simple-admin-core/tools/protoc-gen-go-zero-api/generator/options_parser.go:164.97,168.2 1 0
github.com/chimerakang/simple-admin-core/tools/protoc-gen-go-zero-api/generator/options_parser.go:172.118,176.2 3 0
github.com/chimerakang/simple-admin-core/tools/protoc-gen-go-zero-api/generator/options_parser.go:179.104,181.44 1 0
github.com/chimerakang/simple-admin-core/tools/protoc-gen-go-zero-api/generator/options_parser.go:181.44,183.3 1 0
github.com/chimerakang/simple-admin-core/tools/protoc-gen-go-zero-api/generator/options_parser.go:186.2,186.52 1 0
github.com/chimerakang/simple-admin-core/tools/protoc-gen-go-zero-api/generator/options_parser.go:190.115,192.57 1 0
github.com/chimerakang/simple-admin-core/tools/protoc-gen-go-zero-api/generator/options_parser.go:192.57,194.3 1 0
github.com/chimerakang/simple-admin-core/tools/protoc-gen-go-zero-api/generator/options_parser.go:197.2,197.24 1 0
github.com/chimerakang/simple-admin-core/tools/protoc-gen-go-zero-api/generator/options_parser.go:197.24,199.3 1 0
github.com/chimerakang/simple-admin-core/tools/protoc-gen-go-zero-api/generator/options_parser.go:201.2,201.12 1 0
github.com/chimerakang/simple-admin-core/tools/protoc-gen-go-zero-api/generator/template.go:81.48,92.2 3 0
github.com/chimerakang/simple-admin-core/tools/protoc-gen-go-zero-api/generator/template.go:95.74,98.51 2 0
github.com/chimerakang/simple-admin-core/tools/protoc-gen-go-zero-api/generator/template.go:98.51,100.3 1 0
github.com/chimerakang/simple-admin-core/tools/protoc-gen-go-zero-api/generator/template.go:103.2,106.21 3 0
github.com/chimerakang/simple-admin-core/tools/protoc-gen-go-zero-api/generator/template.go:110.70,115.29 4 0
github.com/chimerakang/simple-admin-core/tools/protoc-gen-go-zero-api/generator/template.go:115.29,120.17 2 0
github.com/chimerakang/simple-admin-core/tools/protoc-gen-go-zero-api/generator/template.go:120.17,121.18 1 0
github.com/chimerakang/simple-admin-core/tools/protoc-gen-go-zero-api/generator/template.go:121.18,124.5 2 0
github.com/chimerakang/simple-admin-core/tools/protoc-gen-go-zero-api/generator/template.go:125.9,128.4 2 0
github.com/chimerakang/simple-admin-core/tools/protoc-gen-go-zero-api/generator/template.go:132.2,132.41 1 0
github.com/chimerakang/simple-admin-core/tools/protoc-gen-go-zero-api/generator/template.go:132.41,134.3 1 0
github.com/chimerakang/simple-admin-core/tools/protoc-gen-go-zero-api/generator/template.go:135.2,135.53 1 0
github.com/chimerakang/simple-admin-core/tools/protoc-gen-go-zero-api/generator/template.go:135.53,137.3 1 0
github.com/chimerakang/simple-admin-core/tools/protoc-gen-go-zero-api/generator/template.go:139.2,139.42 1 0
github.com/chimerakang/simple-admin-core/tools/protoc-gen-go-zero-api/generator/template.go:143.86,145.17 1 0
github.com/chimerakang/simple-admin-core/tools/protoc-gen-go-zero-api/generator/template.go:145.17,147.3 1 0
github.com/chimerakang/simple-admin-core/tools/protoc-gen-go-zero-api/generator/template.go:149.2,149.25 1 0
github.com/chimerakang/simple-admin-core/tools/protoc-gen-go-zero-api/generator/template.go:149.25,156.3 1 0
github.com/chimerakang/simple-admin-core/tools/protoc-gen-go-zero-api/generator/template.go:158.2,158.25 1 0
github.com/chimerakang/simple-admin-core/tools/protoc-gen-go-zero-api/generator/template.go:162.68,163.17 1 0
github.com/chimerakang/simple-admin-core/tools/protoc-gen-go-zero-api/generator/template.go:163.17,165.3 1 0
github.com/chimerakang/simple-admin-core/tools/protoc-gen-go-zero-api/generator/template.go:168.2,169.37 2 0
github.com/chimerakang/simple-admin-core/tools/protoc-gen-go-zero-api/generator/template.go:169.37,170.30 1 0
github.com/chimerakang/simple-admin-core/tools/protoc-gen-go-zero-api/generator/template.go:170.30,174.4 1 0
github.com/chimerakang/simple-admin-core/tools/protoc-gen-go-zero-api/generator/template.go:175.3,175.33 1 0
github.com/chimerakang/simple-admin-core/tools/protoc-gen-go-zero-api/generator/template.go:179.2,180.43 2 0
github.com/chimerakang/simple-admin-core/tools/protoc-gen-go-zero-api/generator/template.go:180.43,181.40 1 0
github.com/chimerakang/simple-admin-core/tools/protoc-gen-go-zero-api/generator/template.go:181.40,183.33 2 0
github.com/chimerakang/simple-admin-core/tools/protoc-gen-go-zero-api/generator/template.go:183.33,187.5 1 0
github.com/chimerakang/simple-admin-core/tools/protoc-gen-go-zero-api/generator/template.go:188.4,188.36 1 0
github.com/chimerakang/simple-admin-core/tools/protoc-gen-go-zero-api/generator/template.go:192.2,192.12 1 0
github.com/chimerakang/simple-admin-core/tools/protoc-gen-go-zero-api/generator/template.go:200.42,202.2 1 0
github.com/chimerakang/simple-admin-core/tools/protoc-gen-go-zero-api/generator/type_converter.go:19.40,23.2 1 0
github.com/chimerakang/simple-admin-core/tools/protoc-gen-go-zero-api/generator/type_converter.go:27.78,31.52 2 0
github.com/chimerakang/simple-admin-core/tools/protoc-gen-go-zero-api/generator/type_converter.go:31.52,33.3 1 0
github.com/chimerakang/simple-admin-core/tools/protoc-gen-go-zero-api/generator/type_converter.go:35.2,41.35 2 0
github.com/chimerakang/simple-admin-core/tools/protoc-gen-go-zero-api/generator/type_converter.go:41.35,43.28 2 0
github.com/chimerakang/simple-admin-core/tools/protoc-gen-go-zero-api/generator/type_converter.go:43.28,45.4 1 0
github.com/chimerakang/simple-admin-core/tools/protoc-gen-go-zero-api/generator/type_converter.go:49.2,51.16 2 0
github.com/chimerakang/simple-admin-core/tools/protoc-gen-go-zero-api/generator/type_converter.go:55.74,67.2 3 0
github.com/chimerakang/simple-admin-core/tools/protoc-gen-go-zero-api/generator/type_converter.go:71.77,75.24 2 0
github.com/chimerakang/simple-admin-core/tools/protoc-gen-go-zero-api/generator/type_converter.go:75.24,77.3 1 0
github.com/chimerakang/simple-admin-core/tools/protoc-gen-go-zero-api/generator/type_converter.go:79.2,79.14 1 0
github.com/chimerakang/simple-admin-core/tools/protoc-gen-go-zero-api/generator/type_converter.go:80.29,81.24 1 0
github.com/chimerakang/simple-admin-core/tools/protoc-gen-go-zero-api/generator/type_converter.go:82.82,83.26 1 0
github.com/chimerakang/simple-admin-core/tools/protoc-gen-go-zero-api/generator/type_converter.go:84.82,85.26 1 0
github.com/chimerakang/simple-admin-core/tools/protoc-gen-go-zero-api/generator/type_converter.go:86.57,87.28 1 0
github.com/chimerakang/simple-admin-core/tools/protoc-gen-go-zero-api/generator/type_converter.go:88.57,89.28 1 0
github.com/chimerakang/simple-admin-core/tools/protoc-gen-go-zero-api/generator/type_converter.go:90.30,91.28 1 0
github.com/chimerakang/simple-admin-core/tools/protoc-gen-go-zero-api/generator/type_converter.go:92.31,93.29 1 0
github.com/chimerakang/simple-admin-core/tools/protoc-gen-go-zero-api/generator/type_converter.go:94.31,95.28 1 0
github.com/chimerakang/simple-admin-core/tools/protoc-gen-go-zero-api/generator/type_converter.go:96.30,97.27 1 0
github.com/chimerakang/simple-admin-core/tools/protoc-gen-go-zero-api/generator/type_converter.go:98.29,101.26 1 0
github.com/chimerakang/simple-admin-core/tools/protoc-gen-go-zero-api/generator/type_converter.go:102.32,105.28 2 0
github.com/chimerakang/simple-admin-core/tools/protoc-gen-go-zero-api/generator/type_converter.go:106.10,107.34 1 0
github.com/chimerakang/simple-admin-core/tools/protoc-gen-go-zero-api/generator/type_converter.go:113.70,121.2 5 0
github.com/chimerakang/simple-admin-core/tools/protoc-gen-go-zero-api/generator/type_converter.go:124.75,129.35 3 0
github.com/chimerakang/simple-admin-core/tools/protoc-gen-go-zero-api/generator/type_converter.go:129.35,131.3 1 0
github.com/chimerakang/simple-admin-core/tools/protoc-gen-go-zero-api/generator/type_converter.go:133.2,135.19 2 0
github.com/chimerakang/simple-admin-core/tools/protoc-gen-go-zero-api/generator/type_converter.go:139.70,144.20 3 0
github.com/chimerakang/simple-admin-core/tools/protoc-gen-go-zero-api/generator/type_converter.go:144.20,146.3 1 0
github.com/chimerakang/simple-admin-core/tools/protoc-gen-go-zero-api/generator/type_converter.go:147.2,147.26 1 0
github.com/chimerakang/simple-admin-core/tools/protoc-gen-go-zero-api/generator/type_converter.go:147.26,149.3 1 0
github.com/chimerakang/simple-admin-core/tools/protoc-gen-go-zero-api/generator/type_converter.go:149.8,151.3 1 0
github.com/chimerakang/simple-admin-core/tools/protoc-gen-go-zero-api/generator/type_converter.go:153.2,156.8 1 0
github.com/chimerakang/simple-admin-core/tools/protoc-gen-go-zero-api/generator/type_converter.go:160.66,164.20 2 0
github.com/chimerakang/simple-admin-core/tools/protoc-gen-go-zero-api/generator/type_converter.go:164.20,166.3 1 0
github.com/chimerakang/simple-admin-core/tools/protoc-gen-go-zero-api/generator/type_converter.go:170.2,170.20 1 0
github.com/chimerakang/simple-admin-core/tools/protoc-gen-go-zero-api/generator/type_converter.go:170.20,172.79 1 0
github.com/chimerakang/simple-admin-core/tools/protoc-gen-go-zero-api/generator/type_converter.go:172.79,174.4 1 0
github.com/chimerakang/simple-admin-core/tools/protoc-gen-go-zero-api/generator/type_converter.go:175.3,175.24 1 0
github.com/chimerakang/simple-admin-core/tools/protoc-gen-go-zero-api/generator/type_converter.go:178.2,178.17 1 0
github.com/chimerakang/simple-admin-core/tools/protoc-gen-go-zero-api/generator/type_converter.go:182.64,183.21 1 0
github.com/chimerakang/simple-admin-core/tools/protoc-gen-go-zero-api/generator/type_converter.go:183.21,185.3 1 0
github.com/chimerakang/simple-admin-core/tools/protoc-gen-go-zero-api/generator/type_converter.go:187.2,190.29 3 0
github.com/chimerakang/simple-admin-core/tools/protoc-gen-go-zero-api/generator/type_converter.go:190.29,191.20 1 0
github.com/chimerakang/simple-admin-core/tools/protoc-gen-go-zero-api/generator/type_converter.go:191.20,193.4 1 0
github.com/chimerakang/simple-admin-core/tools/protoc-gen-go-zero-api/generator/type_converter.go:196.2,196.15 1 0
github.com/chimerakang/simple-admin-core/tools/protoc-gen-go-zero-api/generator/type_converter.go:200.65,202.39 2 0
github.com/chimerakang/simple-admin-core/tools/protoc-gen-go-zero-api/generator/type_converter.go:202.39,204.3 1 0
github.com/chimerakang/simple-admin-core/tools/protoc-gen-go-zero-api/generator/type_converter.go:205.2,205.15 1 0
github.com/chimerakang/simple-admin-core/tools/protoc-gen-go-zero-api/generator/type_converter.go:209.33,211.2 1 0
github.com/chimerakang/simple-admin-core/tools/protoc-gen-go-zero-api/generator/type_converter.go:215.82,218.36 2 0
github.com/chimerakang/simple-admin-core/tools/protoc-gen-go-zero-api/generator/type_converter.go:218.36,220.23 2 0
github.com/chimerakang/simple-admin-core/tools/protoc-gen-go-zero-api/generator/type_converter.go:220.23,222.4 1 0
github.com/chimerakang/simple-admin-core/tools/protoc-gen-go-zero-api/generator/type_converter.go:225.3,225.39 1 0
github.com/chimerakang/simple-admin-core/tools/protoc-gen-go-zero-api/generator/type_converter.go:225.39,227.30 2 0
github.com/chimerakang/simple-admin-core/tools/protoc-gen-go-zero-api/generator/type_converter.go:227.30,229.5 1 0
github.com/chimerakang/simple-admin-core/tools/protoc-gen-go-zero-api/generator/type_converter.go:233.2,233.17 1 0
github.com/chimerakang/simple-admin-core/tools/protoc-gen-go-zero-api/generator/type_converter.go:237.67,238.14 1 0
github.com/chimerakang/simple-admin-core/tools/protoc-gen-go-zero-api/generator/type_converter.go:245.51,246.14 1 0
github.com/chimerakang/simple-admin-core/tools/protoc-gen-go-zero-api/generator/type_converter.go:247.10,248.15 1 0
